

================================================================
== Synthesis Summary Report of 'checkIntrusion'
================================================================
+ General Information: 
    * Date:           Tue Dec 19 19:28:31 2023
    * Version:        2023.1 (Build 3854077 on May  4 2023)
    * Project:        hls_project2
    * Solution:       solution1 (Vivado IP Flow Target)
    * Product family: kintex7
    * Target device:  xc7k160t-fbg484-2
    

+ Performance & Resource Estimates: 
    
    PS: '+' for module; 'o' for loop; '*' for dataflow
    +------------------------------------------------------------+------+------+---------+---------+----------+---------+------+----------+------+---------+-----------+-----------+-----+
    |                           Modules                          | Issue|      | Latency | Latency | Iteration|         | Trip |          |      |         |           |           |     |
    |                           & Loops                          | Type | Slack| (cycles)|   (ns)  |  Latency | Interval| Count| Pipelined| BRAM |   DSP   |     FF    |    LUT    | URAM|
    +------------------------------------------------------------+------+------+---------+---------+----------+---------+------+----------+------+---------+-----------+-----------+-----+
    |+ checkIntrusion                                            |     -|  1.56|       88|  880.000|         -|       89|     -|        no|     -|  3 (~0%)|  157 (~0%)|  331 (~0%)|    -|
    | + checkIntrusion_Pipeline_VITIS_LOOP_12_1_VITIS_LOOP_13_2  |     -|  1.56|       85|  850.000|         -|       85|     -|        no|     -|  3 (~0%)|  120 (~0%)|  232 (~0%)|    -|
    |  o VITIS_LOOP_12_1_VITIS_LOOP_13_2                         |     -|  7.30|       83|  830.000|         4|        1|    81|       yes|     -|        -|          -|          -|    -|
    +------------------------------------------------------------+------+------+---------+---------+----------+---------+------+----------+------+---------+-----------+-----------+-----+


================================================================
== HW Interfaces
================================================================
* AP_MEMORY
+---------------------+-----------+----------+
| Port                | Direction | Bitwidth |
+---------------------+-----------+----------+
| cameraData_address0 | out       | 7        |
| cameraData_q0       | in        | 32       |
| sensorData_address0 | out       | 1        |
| sensorData_address1 | out       | 1        |
| sensorData_q0       | in        | 32       |
| sensorData_q1       | in        | 32       |
+---------------------+-----------+----------+

* Other Ports
+-----------+-----------+----------+
| Port      | Direction | Bitwidth |
+-----------+-----------+----------+
| ap_return | out       | 1        |
+-----------+-----------+----------+

* TOP LEVEL CONTROL
+-----------+------------+-----------------------------------+
| Interface | Type       | Ports                             |
+-----------+------------+-----------------------------------+
| ap_clk    | clock      | ap_clk                            |
| ap_rst    | reset      | ap_rst                            |
| ap_ctrl   | ap_ctrl_hs | ap_done ap_idle ap_ready ap_start |
+-----------+------------+-----------------------------------+


================================================================
== SW I/O Information
================================================================
* Top Function Arguments
+------------+-----------+-------------+
| Argument   | Direction | Datatype    |
+------------+-----------+-------------+
| sensorData | in        | int const * |
| cameraData | in        | int const * |
| return     | out       | bool        |
+------------+-----------+-------------+

* SW-to-HW Mapping
+------------+---------------------+---------+----------+
| Argument   | HW Interface        | HW Type | HW Usage |
+------------+---------------------+---------+----------+
| sensorData | sensorData_address0 | port    | offset   |
| sensorData | sensorData_ce0      | port    |          |
| sensorData | sensorData_q0       | port    |          |
| sensorData | sensorData_address1 | port    | offset   |
| sensorData | sensorData_ce1      | port    |          |
| sensorData | sensorData_q1       | port    |          |
| cameraData | cameraData_address0 | port    | offset   |
| cameraData | cameraData_ce0      | port    |          |
| cameraData | cameraData_q0       | port    |          |
| return     | ap_return           | port    |          |
+------------+---------------------+---------+----------+


================================================================
== Bind Op Report
================================================================
+------------------------------------------------------------+-----+--------+------------+-----+--------+---------+
| Name                                                       | DSP | Pragma | Variable   | Op  | Impl   | Latency |
+------------------------------------------------------------+-----+--------+------------+-----+--------+---------+
| + checkIntrusion                                           | 3   |        |            |     |        |         |
|   sensorSum_fu_69_p2                                       | -   |        | sensorSum  | add | fabric | 0       |
|  + checkIntrusion_Pipeline_VITIS_LOOP_12_1_VITIS_LOOP_13_2 | 3   |        |            |     |        |         |
|    add_ln12_1_fu_129_p2                                    | -   |        | add_ln12_1 | add | fabric | 0       |
|    add_ln12_fu_141_p2                                      | -   |        | add_ln12   | add | fabric | 0       |
|    mul_32s_32s_32_1_1_U1                                   | 3   |        | mul_ln14   | mul | auto   | 0       |
|    sum_fu_226_p2                                           | -   |        | sum        | add | fabric | 0       |
|    add_ln13_fu_202_p2                                      | -   |        | add_ln13   | add | fabric | 0       |
+------------------------------------------------------------+-----+--------+------------+-----+--------+---------+


================================================================
== Bind Storage Report
================================================================
  No bind storage info in design

================================================================
== Pragma Report
================================================================
  No pragmas found

